app/build/intermediates/manifest_merge_blame_file/release/manifest-merger-blame-release-report.txt
1<?xml version="1.0" encoding="utf-8"?>
2<manifest xmlns:android="http://schemas.android.com/apk/res/android"
3    package="com.samsung.et10"
4    android:versionCode="1"
5    android:versionName="1.0" >
6
7    <uses-sdk
8        android:minSdkVersion="21"
8-->src\main\AndroidManifest.xml
9        android:targetSdkVersion="29" />
9-->src\main\AndroidManifest.xml
10
11    <uses-feature android:name="android.hardware.location.gps" />
11-->src\main\AndroidManifest.xml:32:5-66
11-->src\main\AndroidManifest.xml:32:19-63
12    <uses-feature android:name="android.hardware.camera" />
12-->src\main\AndroidManifest.xml:33:5-60
12-->src\main\AndroidManifest.xml:33:19-57
13    <uses-feature android:name="android.hardware.camera.autofocus" />
13-->src\main\AndroidManifest.xml:34:5-70
13-->src\main\AndroidManifest.xml:34:19-67
14    <uses-feature
14-->src\main\AndroidManifest.xml:36:5-38:36
15        android:name="android.hardware.camera2"
15-->src\main\AndroidManifest.xml:37:9-48
16        android:required="false" />
16-->src\main\AndroidManifest.xml:38:9-33
17
18    <uses-permission android:name="android.permission.ACCESS_FINE_LOCATION" />
18-->src\main\AndroidManifest.xml:39:5-79
18-->src\main\AndroidManifest.xml:39:22-76
19    <uses-permission android:name="android.permission.CAMERA" />
19-->src\main\AndroidManifest.xml:40:5-65
19-->src\main\AndroidManifest.xml:40:22-62
20    <uses-permission android:name="android.permission.WRITE_EXTERNAL_STORAGE" />
20-->src\main\AndroidManifest.xml:41:5-81
20-->src\main\AndroidManifest.xml:41:22-78
21    <uses-permission android:name="android.permission.RECORD_AUDIO" />
21-->src\main\AndroidManifest.xml:42:5-71
21-->src\main\AndroidManifest.xml:42:22-68
22    <uses-permission android:name="android.permission.INTERNET" />
22-->src\main\AndroidManifest.xml:44:5-67
22-->src\main\AndroidManifest.xml:44:22-64
23
24    <!-- Although the *SdkVersion is captured in gradle build files, this is required for non gradle builds -->
25    <!-- <uses-sdk android:minSdkVersion="14"/> -->
26    <uses-permission android:name="android.permission.ACCESS_NETWORK_STATE" /> <!-- Needed only if your app targets Android 5.0 (API level 21) or higher. -->
26-->[com.google.android.datatransport:transport-backend-cct:2.2.2] AndroidManifest.xml:25:5-79
26-->[com.google.android.datatransport:transport-backend-cct:2.2.2] AndroidManifest.xml:25:22-76
27    <application
27-->src\main\AndroidManifest.xml:6:5-31:19
28        android:allowBackup="true"
28-->src\main\AndroidManifest.xml:7:9-35
29        android:appComponentFactory="androidx.core.app.CoreComponentFactory"
29-->[androidx.core:core:1.3.0] AndroidManifest.xml:24:18-86
30        android:icon="@drawable/eyecorrect"
30-->src\main\AndroidManifest.xml:8:9-44
31        android:label="@string/app_name"
31-->src\main\AndroidManifest.xml:9:9-41
32        android:roundIcon="@mipmap/ic_launcher_round"
32-->src\main\AndroidManifest.xml:10:9-54
33        android:supportsRtl="true"
33-->src\main\AndroidManifest.xml:11:9-35
34        android:theme="@style/AppTheme.NoActionBar"
34-->src\main\AndroidManifest.xml:12:9-52
35        android:usesCleartextTraffic="true" >
35-->src\main\AndroidManifest.xml:13:9-44
36        <activity android:name="com.samsung.et10.Hypermetropia" />
36-->src\main\AndroidManifest.xml:15:9-60
36-->src\main\AndroidManifest.xml:15:19-48
37        <activity android:name="com.samsung.et10.ResultActivity" /> <!-- android:name="com.chaquo.python.android.PyApplication" -->
37-->src\main\AndroidManifest.xml:16:9-52
37-->src\main\AndroidManifest.xml:16:19-49
38        <activity android:name="com.samsung.et10.Myopia" />
38-->src\main\AndroidManifest.xml:17:9-44
38-->src\main\AndroidManifest.xml:17:19-41
39        <activity android:name="com.samsung.et10.CamCanvas" />
39-->src\main\AndroidManifest.xml:18:9-47
39-->src\main\AndroidManifest.xml:18:19-44
40        <activity android:name="com.samsung.et10.DetectorActivity" />
40-->src\main\AndroidManifest.xml:19:9-54
40-->src\main\AndroidManifest.xml:19:19-51
41        <activity android:name="com.samsung.et10.CameraActivity" />
41-->src\main\AndroidManifest.xml:20:9-52
41-->src\main\AndroidManifest.xml:20:19-49
42        <activity android:name="com.samsung.et10.CameraConnectionFragment" />
42-->src\main\AndroidManifest.xml:21:9-62
42-->src\main\AndroidManifest.xml:21:19-59
43        <activity android:name="com.samsung.et10.LegacyCameraConnectionFragment" />
43-->src\main\AndroidManifest.xml:22:9-68
43-->src\main\AndroidManifest.xml:22:19-65
44        <activity android:name="com.samsung.et10.Rectangle" />
44-->src\main\AndroidManifest.xml:23:9-47
44-->src\main\AndroidManifest.xml:23:19-44
45        <activity android:name="com.samsung.et10.MainActivity" >
45-->src\main\AndroidManifest.xml:24:9-30:20
45-->src\main\AndroidManifest.xml:24:19-47
46            <intent-filter>
46-->src\main\AndroidManifest.xml:25:13-29:29
47                <action android:name="android.intent.action.MAIN" />
47-->src\main\AndroidManifest.xml:26:17-69
47-->src\main\AndroidManifest.xml:26:25-66
48
49                <category android:name="android.intent.category.LAUNCHER" />
49-->src\main\AndroidManifest.xml:28:17-77
49-->src\main\AndroidManifest.xml:28:27-74
50            </intent-filter>
51        </activity>
52
53        <service
53-->[com.google.android.gms:play-services-mlkit-face-detection:16.0.0] AndroidManifest.xml:9:9-15:19
54            android:name="com.google.mlkit.common.internal.MlKitComponentDiscoveryService"
54-->[com.google.android.gms:play-services-mlkit-face-detection:16.0.0] AndroidManifest.xml:10:13-91
55            android:directBootAware="true"
55-->[com.google.mlkit:common:16.0.0] AndroidManifest.xml:17:13-43
56            android:exported="false" >
56-->[com.google.android.gms:play-services-mlkit-face-detection:16.0.0] AndroidManifest.xml:11:13-37
57            <meta-data
57-->[com.google.android.gms:play-services-mlkit-face-detection:16.0.0] AndroidManifest.xml:12:13-14:85
58                android:name="com.google.firebase.components:com.google.mlkit.vision.face.internal.FaceRegistrar"
58-->[com.google.android.gms:play-services-mlkit-face-detection:16.0.0] AndroidManifest.xml:13:17-114
59                android:value="com.google.firebase.components.ComponentRegistrar" />
59-->[com.google.android.gms:play-services-mlkit-face-detection:16.0.0] AndroidManifest.xml:14:17-82
60            <meta-data
60-->[com.google.mlkit:vision-common:16.0.0] AndroidManifest.xml:12:13-14:85
61                android:name="com.google.firebase.components:com.google.mlkit.vision.common.internal.VisionCommonRegistrar"
61-->[com.google.mlkit:vision-common:16.0.0] AndroidManifest.xml:13:17-124
62                android:value="com.google.firebase.components.ComponentRegistrar" />
62-->[com.google.mlkit:vision-common:16.0.0] AndroidManifest.xml:14:17-82
63            <meta-data
63-->[com.google.mlkit:common:16.0.0] AndroidManifest.xml:20:13-22:85
64                android:name="com.google.firebase.components:com.google.mlkit.common.internal.CommonComponentRegistrar"
64-->[com.google.mlkit:common:16.0.0] AndroidManifest.xml:21:17-120
65                android:value="com.google.firebase.components.ComponentRegistrar" />
65-->[com.google.mlkit:common:16.0.0] AndroidManifest.xml:22:17-82
66        </service>
67
68        <provider
68-->[com.google.mlkit:common:16.0.0] AndroidManifest.xml:9:9-13:38
69            android:name="com.google.mlkit.common.internal.MlKitInitProvider"
69-->[com.google.mlkit:common:16.0.0] AndroidManifest.xml:10:13-78
70            android:authorities="com.samsung.et10.mlkitinitprovider"
70-->[com.google.mlkit:common:16.0.0] AndroidManifest.xml:11:13-69
71            android:exported="false"
71-->[com.google.mlkit:common:16.0.0] AndroidManifest.xml:12:13-37
72            android:initOrder="99" />
72-->[com.google.mlkit:common:16.0.0] AndroidManifest.xml:13:13-35
73
74        <activity
74-->[com.google.android.gms:play-services-base:17.0.0] AndroidManifest.xml:23:9-26:75
75            android:name="com.google.android.gms.common.api.GoogleApiActivity"
75-->[com.google.android.gms:play-services-base:17.0.0] AndroidManifest.xml:24:13-79
76            android:exported="false"
76-->[com.google.android.gms:play-services-base:17.0.0] AndroidManifest.xml:25:13-37
77            android:theme="@android:style/Theme.Translucent.NoTitleBar" />
77-->[com.google.android.gms:play-services-base:17.0.0] AndroidManifest.xml:26:13-72
78
79        <meta-data
79-->[com.google.android.gms:play-services-basement:17.0.0] AndroidManifest.xml:23:9-25:69
80            android:name="com.google.android.gms.version"
80-->[com.google.android.gms:play-services-basement:17.0.0] AndroidManifest.xml:24:13-58
81            android:value="@integer/google_play_services_version" />
81-->[com.google.android.gms:play-services-basement:17.0.0] AndroidManifest.xml:25:13-66
82
83        <service
83-->[com.google.android.datatransport:transport-backend-cct:2.2.2] AndroidManifest.xml:29:9-35:19
84            android:name="com.google.android.datatransport.runtime.backends.TransportBackendDiscovery"
84-->[com.google.android.datatransport:transport-backend-cct:2.2.2] AndroidManifest.xml:30:13-103
85            android:exported="false" >
85-->[com.google.android.datatransport:transport-backend-cct:2.2.2] AndroidManifest.xml:31:13-37
86            <meta-data
86-->[com.google.android.datatransport:transport-backend-cct:2.2.2] AndroidManifest.xml:32:13-34:39
87                android:name="backend:com.google.android.datatransport.cct.CctBackendFactory"
87-->[com.google.android.datatransport:transport-backend-cct:2.2.2] AndroidManifest.xml:33:17-94
88                android:value="cct" />
88-->[com.google.android.datatransport:transport-backend-cct:2.2.2] AndroidManifest.xml:34:17-36
89        </service>
90        <service
90-->[com.google.android.datatransport:transport-runtime:2.2.2] AndroidManifest.xml:26:9-30:19
91            android:name="com.google.android.datatransport.runtime.scheduling.jobscheduling.JobInfoSchedulerService"
91-->[com.google.android.datatransport:transport-runtime:2.2.2] AndroidManifest.xml:27:13-117
92            android:exported="false"
92-->[com.google.android.datatransport:transport-runtime:2.2.2] AndroidManifest.xml:28:13-37
93            android:permission="android.permission.BIND_JOB_SERVICE" >
93-->[com.google.android.datatransport:transport-runtime:2.2.2] AndroidManifest.xml:29:13-69
94        </service>
95
96        <receiver
96-->[com.google.android.datatransport:transport-runtime:2.2.2] AndroidManifest.xml:32:9-34:40
97            android:name="com.google.android.datatransport.runtime.scheduling.jobscheduling.AlarmManagerSchedulerBroadcastReceiver"
97-->[com.google.android.datatransport:transport-runtime:2.2.2] AndroidManifest.xml:33:13-132
98            android:exported="false" />
98-->[com.google.android.datatransport:transport-runtime:2.2.2] AndroidManifest.xml:34:13-37
99    </application>
100
101</manifest>